<component name="ProjectRunConfigurationManager">
  <configuration default="false" name="test-debug" type="js.build_tools.npm">
    <package-json value="$PROJECT_DIR$/tests/playwright/package.json" />
    <command value="run" />
    <scripts>
      <script value="test:debug:intelliJ" />
    </scripts>
    <node-interpreter value="project" />
    <envs>
      <env name="E2E_DEV_DB_TYPE" value="sqlite" />
    </envs>
    <method v="2" />
  </configuration>
</component>